#
# There is insufficient memory for the Java Runtime Environment to continue.
# Native memory allocation (mmap) failed to map 268435456 bytes. Error detail: G1 virtual space
# Possible reasons:
#   The system is out of physical RAM or swap space
#   This process is running with CompressedOops enabled, and the Java Heap may be blocking the growth of the native heap
# Possible solutions:
#   Reduce memory load on the system
#   Increase physical memory or swap space
#   Check if swap backing store is full
#   Decrease Java heap size (-Xmx/-Xms)
#   Decrease number of Java threads
#   Decrease Java thread stack sizes (-Xss)
#   Set larger code cache with -XX:ReservedCodeCacheSize=
#   JVM is running with Unscaled Compressed Oops mode in which the Java heap is
#     placed in the first 4GB address space. The Java Heap base address is the
#     maximum limit for the native heap growth. Please use -XX:HeapBaseMinAddress
#     to set the Java Heap base and to place the Java Heap above 4GB virtual address.
# This output file may be truncated or incomplete.
#
#  Out of Memory Error (os_windows.cpp:3613), pid=27700, tid=11556
#
# JRE version:  (17.0.12+7) (build )
# Java VM: OpenJDK 64-Bit Server VM (17.0.12+7, mixed mode, emulated-client, sharing, tiered, compressed oops, compressed class ptrs, g1 gc, windows-amd64)
# No core dump will be written. Minidumps are not enabled by default on client versions of Windows
#

---------------  S U M M A R Y ------------

Command Line: -Xmx1024m -Dsts.lsp.client=vscode -Dsts.log.file=/dev/null -XX:TieredStopAtLevel=1 -Xlog:jni+resolve=off c:\Users\shoaib\.vscode\extensions\vmware.vscode-spring-boot-1.57.0\language-server\spring-boot-language-server-1.57.0-SNAPSHOT-exec.jar

Host: Intel(R) Core(TM) i7-3840QM CPU @ 2.80GHz, 8 cores, 15G,  Windows 10 , 64 bit Build 19041 (10.0.19041.4717)
Time: Tue Sep 17 16:46:50 2024 Arabic Standard Time elapsed time: 0.928017 seconds (0d 0h 0m 0s)

---------------  T H R E A D  ---------------

Current thread (0x00000269ea5ac5e0):  JavaThread "Unknown thread" [_thread_in_vm, id=11556, stack(0x000000c41a100000,0x000000c41a200000)]

Stack: [0x000000c41a100000,0x000000c41a200000]
Native frames: (J=compiled Java code, j=interpreted, Vv=VM code, C=native code)
V  [jvm.dll+0x67f929]
V  [jvm.dll+0x8371ba]
V  [jvm.dll+0x838c7e]
V  [jvm.dll+0x8392e3]
V  [jvm.dll+0x24834f]
V  [jvm.dll+0x67c6e9]
V  [jvm.dll+0x6711aa]
V  [jvm.dll+0x307f7b]
V  [jvm.dll+0x30f476]
V  [jvm.dll+0x35f63e]
V  [jvm.dll+0x35f87f]
V  [jvm.dll+0x2def9c]
V  [jvm.dll+0x2dfef4]
V  [jvm.dll+0x808a4b]
V  [jvm.dll+0x36d3b1]
V  [jvm.dll+0x7e7425]
V  [jvm.dll+0x3f0edf]
V  [jvm.dll+0x3f2a31]
C  [jli.dll+0x528f]
C  [ucrtbase.dll+0x21bb2]
C  [KERNEL32.DLL+0x17374]
C  [ntdll.dll+0x4cc91]


---------------  P R O C E S S  ---------------

Threads class SMR info:
_java_thread_list=0x00007ffc681e6f18, length=0, elements={
}

Java Threads: ( => current thread )

Other Threads:
  0x00000269ea5e8be0 GCTaskThread "GC Thread#0" [stack: 0x000000c41a200000,0x000000c41a300000] [id=30912]
  0x00000269ea5f1b30 ConcurrentGCThread "G1 Main Marker" [stack: 0x000000c41a300000,0x000000c41a400000] [id=17740]
  0x00000269ea5f2550 ConcurrentGCThread "G1 Conc#0" [stack: 0x000000c41a400000,0x000000c41a500000] [id=12120]

[error occurred during error reporting (printing all threads), id 0xc0000005, EXCEPTION_ACCESS_VIOLATION (0xc0000005) at pc=0x00007ffc6799f697]

VM state: not at safepoint (not fully initialized)

VM Mutex/Monitor currently owned by a thread:  ([mutex/lock_event])
[0x00000269ea5a74b0] Heap_lock - owner thread: 0x00000269ea5ac5e0

Heap address: 0x00000000c0000000, size: 1024 MB, Compressed Oops mode: 32-bit

CDS archive(s) mapped at: [0x0000000000000000-0x0000000000000000-0x0000000000000000), size 0, SharedBaseAddress: 0x0000000800000000, ArchiveRelocationMode: 1.
Narrow klass base: 0x0000000000000000, Narrow klass shift: 0, Narrow klass range: 0x0

GC Precious Log:
<Empty>

Heap:
 garbage-first heap   total 0K, used 0K [0x00000000c0000000, 0x0000000100000000)
  region size 1024K, 0 young (0K), 0 survivors (0K)

[error occurred during error reporting (printing heap information), id 0xc0000005, EXCEPTION_ACCESS_VIOLATION (0xc0000005) at pc=0x00007ffc67d88bf9]

GC Heap History (0 events):
No events

Dll operation events (1 events):
Event: 0.472 Loaded shared library c:\Users\shoaib\.vscode\extensions\redhat.java-1.34.0-win32-x64\jre\17.0.12-win32-x86_64\bin\java.dll

Deoptimization events (0 events):
No events

Classes loaded (0 events):
No events

Classes unloaded (0 events):
No events

Classes redefined (0 events):
No events

Internal exceptions (0 events):
No events

VM Operations (0 events):
No events

Events (0 events):
No events


Dynamic libraries:
0x00007ff7817a0000 - 0x00007ff7817ae000 	c:\Users\shoaib\.vscode\extensions\redhat.java-1.34.0-win32-x64\jre\17.0.12-win32-x86_64\bin\java.exe
0x00007ffcde150000 - 0x00007ffcde348000 	C:\WINDOWS\SYSTEM32\ntdll.dll
0x00007ffcdd4f0000 - 0x00007ffcdd5b1000 	C:\WINDOWS\System32\KERNEL32.DLL
0x00007ffcdb380000 - 0x00007ffcdb67d000 	C:\WINDOWS\System32\KERNELBASE.dll
0x00007ffcdafd0000 - 0x00007ffcdb0d0000 	C:\WINDOWS\System32\ucrtbase.dll
0x00007ffcc0760000 - 0x00007ffcc0777000 	c:\Users\shoaib\.vscode\extensions\redhat.java-1.34.0-win32-x64\jre\17.0.12-win32-x86_64\bin\jli.dll
0x00007ffcbc650000 - 0x00007ffcbc66b000 	c:\Users\shoaib\.vscode\extensions\redhat.java-1.34.0-win32-x64\jre\17.0.12-win32-x86_64\bin\VCRUNTIME140.dll
0x00007ffcddaa0000 - 0x00007ffcddc3d000 	C:\WINDOWS\System32\USER32.dll
0x00007ffcdb750000 - 0x00007ffcdb772000 	C:\WINDOWS\System32\win32u.dll
0x00007ffcdd7f0000 - 0x00007ffcdd81b000 	C:\WINDOWS\System32\GDI32.dll
0x00007ffcdae10000 - 0x00007ffcdaf27000 	C:\WINDOWS\System32\gdi32full.dll
0x00007ffccb2a0000 - 0x00007ffccb53a000 	C:\WINDOWS\WinSxS\amd64_microsoft.windows.common-controls_6595b64144ccf1df_6.0.19041.4355_none_60b8b9eb71f62e16\COMCTL32.dll
0x00007ffcdd450000 - 0x00007ffcdd4ee000 	C:\WINDOWS\System32\msvcrt.dll
0x00007ffcdb0d0000 - 0x00007ffcdb16d000 	C:\WINDOWS\System32\msvcp_win.dll
0x00007ffcdd2f0000 - 0x00007ffcdd31f000 	C:\WINDOWS\System32\IMM32.DLL
0x00007ffcd1700000 - 0x00007ffcd170c000 	c:\Users\shoaib\.vscode\extensions\redhat.java-1.34.0-win32-x64\jre\17.0.12-win32-x86_64\bin\vcruntime140_1.dll
0x00007ffcaa160000 - 0x00007ffcaa1ed000 	c:\Users\shoaib\.vscode\extensions\redhat.java-1.34.0-win32-x64\jre\17.0.12-win32-x86_64\bin\msvcp140.dll
0x00007ffc676b0000 - 0x00007ffc6831a000 	c:\Users\shoaib\.vscode\extensions\redhat.java-1.34.0-win32-x64\jre\17.0.12-win32-x86_64\bin\server\jvm.dll
0x00007ffcdd5c0000 - 0x00007ffcdd670000 	C:\WINDOWS\System32\ADVAPI32.dll
0x00007ffcdd1a0000 - 0x00007ffcdd240000 	C:\WINDOWS\System32\sechost.dll
0x00007ffcdc9e0000 - 0x00007ffcdcb03000 	C:\WINDOWS\System32\RPCRT4.dll
0x00007ffcdaf30000 - 0x00007ffcdaf57000 	C:\WINDOWS\System32\bcrypt.dll
0x00007ffcdbe00000 - 0x00007ffcdbe6b000 	C:\WINDOWS\System32\WS2_32.dll
0x00007ffcda350000 - 0x00007ffcda39b000 	C:\WINDOWS\SYSTEM32\POWRPROF.dll
0x00007ffccfe50000 - 0x00007ffccfe77000 	C:\WINDOWS\SYSTEM32\WINMM.dll
0x00007ffcd0db0000 - 0x00007ffcd0dba000 	C:\WINDOWS\SYSTEM32\VERSION.dll
0x00007ffcda1d0000 - 0x00007ffcda1e2000 	C:\WINDOWS\SYSTEM32\UMPDC.dll
0x00007ffcd8ba0000 - 0x00007ffcd8bb2000 	C:\WINDOWS\SYSTEM32\kernel.appcore.dll
0x00007ffcd16b0000 - 0x00007ffcd16ba000 	c:\Users\shoaib\.vscode\extensions\redhat.java-1.34.0-win32-x64\jre\17.0.12-win32-x86_64\bin\jimage.dll
0x00007ffcd0bc0000 - 0x00007ffcd0da4000 	C:\WINDOWS\SYSTEM32\DBGHELP.DLL
0x00007ffcd0a90000 - 0x00007ffcd0ac4000 	C:\WINDOWS\SYSTEM32\dbgcore.DLL
0x00007ffcdb690000 - 0x00007ffcdb712000 	C:\WINDOWS\System32\bcryptPrimitives.dll
0x00007ffcba6b0000 - 0x00007ffcba6d5000 	c:\Users\shoaib\.vscode\extensions\redhat.java-1.34.0-win32-x64\jre\17.0.12-win32-x86_64\bin\java.dll

dbghelp: loaded successfully - version: 4.0.5 - missing functions: none
symbol engine: initialized successfully - sym options: 0x614 - pdb path: .;c:\Users\shoaib\.vscode\extensions\redhat.java-1.34.0-win32-x64\jre\17.0.12-win32-x86_64\bin;C:\WINDOWS\SYSTEM32;C:\WINDOWS\WinSxS\amd64_microsoft.windows.common-controls_6595b64144ccf1df_6.0.19041.4355_none_60b8b9eb71f62e16;c:\Users\shoaib\.vscode\extensions\redhat.java-1.34.0-win32-x64\jre\17.0.12-win32-x86_64\bin\server

VM Arguments:
jvm_args: -Xmx1024m -Dsts.lsp.client=vscode -Dsts.log.file=/dev/null -XX:TieredStopAtLevel=1 -Xlog:jni+resolve=off 
java_command: c:\Users\shoaib\.vscode\extensions\vmware.vscode-spring-boot-1.57.0\language-server\spring-boot-language-server-1.57.0-SNAPSHOT-exec.jar
java_class_path (initial): c:\Users\shoaib\.vscode\extensions\vmware.vscode-spring-boot-1.57.0\language-server\spring-boot-language-server-1.57.0-SNAPSHOT-exec.jar
Launcher Type: SUN_STANDARD

[Global flags]
     intx CICompilerCount                          = 4                                         {product} {ergonomic}
     uint ConcGCThreads                            = 2                                         {product} {ergonomic}
     uint G1ConcRefinementThreads                  = 8                                         {product} {ergonomic}
   size_t G1HeapRegionSize                         = 1048576                                   {product} {ergonomic}
    uintx GCDrainStackTargetSize                   = 64                                        {product} {ergonomic}
   size_t InitialHeapSize                          = 268435456                                 {product} {ergonomic}
   size_t MarkStackSize                            = 4194304                                   {product} {ergonomic}
   size_t MaxHeapSize                              = 1073741824                                {product} {command line}
   size_t MinHeapDeltaBytes                        = 1048576                                   {product} {ergonomic}
   size_t MinHeapSize                              = 8388608                                   {product} {ergonomic}
    uintx NonProfiledCodeHeapSize                  = 0                                      {pd product} {ergonomic}
     bool ProfileInterpreter                       = false                                  {pd product} {command line}
    uintx ProfiledCodeHeapSize                     = 0                                      {pd product} {ergonomic}
   size_t SoftMaxHeapSize                          = 1073741824                             {manageable} {ergonomic}
     intx TieredStopAtLevel                        = 1                                         {product} {command line}
     bool UseCompressedClassPointers               = true                           {product lp64_product} {ergonomic}
     bool UseCompressedOops                        = true                           {product lp64_product} {ergonomic}
     bool UseG1GC                                  = true                                      {product} {ergonomic}
     bool UseLargePagesIndividualAllocation        = false                                  {pd product} {ergonomic}

Logging:
Log output configuration:
 #0: stdout all=warning,jni+resolve=off uptime,level,tags (reconfigured)
 #1: stderr all=off uptime,level,tags

Environment Variables:
PATH=C:\Python312\Scripts\;C:\Python312\;C:\Program Files\Eclipse Adoptium\jdk-21.0.3.9-hotspot\bin;C:\Program Files\Common Files\Oracle\Java\javapath;C:\Program Files\Common Files\Microsoft Shared\Windows Live;C:\Program Files (x86)\Common Files\Microsoft Shared\Windows Live;C:\WINDOWS\system32;C:\WINDOWS;C:\WINDOWS\System32\Wbem;C:\WINDOWS\System32\WindowsPowerShell\v1.0\;C:\Program Files\Dell\Dell Data Protection\Access\Advanced\Wave\Gemalto\Access Client\v5\;C:\Program Files (x86)\NTRU Cryptosystems\NTRU TCG Software Stack\bin\;C:\Program Files\NTRU Cryptosystems\NTRU TCG Software Stack\bin\;C:\Program Files (x86)\Windows Live\Shared;C:\Program Files\dotnet\;C:\Program Files\Microsoft SQL Server\130\Tools\Binn\;C:\Program Files\Git\cmd;C:\WINDOWS\System32\OpenSSH\;C:\Program Files (x86)\Microsoft SQL Server\160\Tools\Binn\;C:\Program Files\Microsoft SQL Server\160\Tools\Binn\;C:\Program Files\Microsoft SQL Server\Client SDK\ODBC\170\Tools\Binn\;C:\Program Files\Microsoft SQL Server\160\DTS\Binn\;C:\Program Files (x86)\Microsoft SQL Server\160\DTS\Binn\;C:\Users\shoaib\Maven\apache-maven-3.9.8\bin;;C:\Program Files\Docker\Docker\resources\bin;C:\Program Files\nodejs\;C:\ProgramData\chocolatey\bin;C:\Program Files\MySQL\MySQL Shell 8.0\bin\;C:\Users\shoaib\AppData\Local\Programs\Python\Python38\Scripts\;C:\Users\shoaib\AppData\Local\Programs\Python\Python38\;C:\BC5\BIN;C:\flutter\bin;C:\Users\shoaib\.dotnet\tools;C:\Program Files\JetBrains\PyCharm Edu 2022.2.2\bin;;C:\Users\shoaib\AppData\Local\Microsoft\WindowsApps;C:\Users\shoaib\AppData\Local\Programs\Microsoft VS Code\bin;C:\Program Files\JetBrains\IntelliJ IDEA Community Edition 2024.1.4\bin;;C:\Users\shoaib\AppData\Local\Microsoft\WinGet\Packages\Schniz.fnm_Microsoft.Winget.Source_8wekyb3d8bbwe;C:\Users\shoaib\AppData\Roaming\npm
USERNAME=shoaib
OS=Windows_NT
PROCESSOR_IDENTIFIER=Intel64 Family 6 Model 58 Stepping 9, GenuineIntel
TMP=C:\Users\shoaib\AppData\Local\Temp
TEMP=C:\Users\shoaib\AppData\Local\Temp



Periodic native trim disabled


---------------  S Y S T E M  ---------------

OS:
 Windows 10 , 64 bit Build 19041 (10.0.19041.4717)
OS uptime: 6 days 21:43 hours
Hyper-V role detected

CPU: total 8 (initial active 8) (4 cores per cpu, 2 threads per core) family 6 model 58 stepping 9 microcode 0x21, cx8, cmov, fxsr, ht, mmx, sse, sse2, sse3, ssse3, sse4.1, sse4.2, popcnt, tsc, tscinvbit, avx, aes, erms, clmul, vzeroupper, clflush, hv
Processor Information for all 8 processors :
  Max Mhz: 2801, Current Mhz: 2801, Mhz Limit: 2801

Memory: 4k page, system-wide physical 16289M (752M free)
TotalPageFile size 45151M (AvailPageFile size 251M)
current process WorkingSet (physical memory assigned to process): 10M, peak: 10M
current process commit charge ("private bytes"): 54M, peak: 310M

vm_info: OpenJDK 64-Bit Server VM (17.0.12+7) for windows-amd64 JRE (17.0.12+7), built on Jul 16 2024 22:08:24 by "admin" with MS VC++ 16.10 / 16.11 (VS2019)

END.
